<?xml version="1.0" encoding="UTF-8"?>
<coverage generated="1725995836696" clover="3.2.0">
  <project timestamp="1725995836696" name="All files">
    <metrics statements="47" coveredstatements="35" conditionals="6" coveredconditionals="4" methods="12" coveredmethods="8" elements="65" coveredelements="47" complexity="0" loc="47" ncloc="47" packages="1" files="2" classes="2"/>
    <file name="app.ts" path="/Users/aleksbuha/Desktop/Uni/todo-list-app/src/app.ts">
      <metrics statements="41" coveredstatements="29" conditionals="5" coveredconditionals="3" methods="11" coveredmethods="7"/>
      <line num="1" count="1" type="stmt"/>
      <line num="3" count="1" type="stmt"/>
      <line num="4" count="1" type="stmt"/>
      <line num="11" count="7" type="stmt"/>
      <line num="12" count="7" type="stmt"/>
      <line num="13" count="7" type="stmt"/>
      <line num="21" count="1" type="stmt"/>
      <line num="22" count="1" type="cond" truecount="1" falsecount="0"/>
      <line num="23" count="1" type="stmt"/>
      <line num="24" count="1" type="stmt"/>
      <line num="25" count="1" type="stmt"/>
      <line num="27" count="0" type="stmt"/>
      <line num="31" count="0" type="stmt"/>
      <line num="32" count="0" type="cond" truecount="0" falsecount="1"/>
      <line num="33" count="0" type="stmt"/>
      <line num="34" count="0" type="stmt"/>
      <line num="36" count="0" type="stmt"/>
      <line num="40" count="2" type="stmt"/>
      <line num="41" count="1" type="cond" truecount="1" falsecount="0"/>
      <line num="42" count="1" type="stmt"/>
      <line num="43" count="1" type="stmt"/>
      <line num="45" count="0" type="stmt"/>
      <line num="49" count="5" type="stmt"/>
      <line num="53" count="0" type="stmt"/>
      <line num="54" count="0" type="cond" truecount="0" falsecount="1"/>
      <line num="55" count="0" type="stmt"/>
      <line num="56" count="0" type="stmt"/>
      <line num="58" count="0" type="stmt"/>
      <line num="62" count="1" type="stmt"/>
      <line num="63" count="1" type="stmt"/>
      <line num="65" count="1" type="stmt"/>
      <line num="67" count="1" type="stmt"/>
      <line num="68" count="1" type="stmt"/>
      <line num="70" count="1" type="stmt"/>
      <line num="71" count="1" type="stmt"/>
      <line num="74" count="1" type="stmt"/>
      <line num="75" count="1" type="stmt"/>
      <line num="76" count="1" type="stmt"/>
      <line num="77" count="1" type="stmt"/>
      <line num="78" count="1" type="stmt"/>
      <line num="79" count="1" type="stmt"/>
    </file>
    <file name="task.ts" path="/Users/aleksbuha/Desktop/Uni/todo-list-app/src/task.ts">
      <metrics statements="6" coveredstatements="6" conditionals="1" coveredconditionals="1" methods="1" coveredmethods="1"/>
      <line num="1" count="2" type="stmt"/>
      <line num="14" count="14" type="stmt"/>
      <line num="15" count="14" type="stmt"/>
      <line num="16" count="14" type="stmt"/>
      <line num="17" count="14" type="stmt"/>
      <line num="18" count="14" type="stmt"/>
    </file>
  </project>
</coverage>
