{"/Users/aleksbuha/Desktop/Uni/todo-list-app/src/app.ts": {"path":"/Users/aleksbuha/Desktop/Uni/todo-list-app/src/app.ts","statementMap":{"0":{"start":{"line":74,"column":2},"end":{"line":74,"column":9}},"1":{"start":{"line":75,"column":2},"end":{"line":75,"column":12}},"2":{"start":{"line":76,"column":2},"end":{"line":76,"column":12}},"3":{"start":{"line":77,"column":2},"end":{"line":77,"column":21}},"4":{"start":{"line":78,"column":2},"end":{"line":78,"column":17}},"5":{"start":{"line":79,"column":2},"end":{"line":79,"column":13}},"6":{"start":{"line":1,"column":0},"end":{"line":1,"column":30}},"7":{"start":{"line":3,"column":20},"end":{"line":3,"column":22}},"8":{"start":{"line":4,"column":16},"end":{"line":4,"column":17}},"9":{"start":{"line":11,"column":15},"end":{"line":11,"column":63}},"10":{"start":{"line":12,"column":2},"end":{"line":12,"column":19}},"11":{"start":{"line":13,"column":2},"end":{"line":13,"column":14}},"12":{"start":{"line":21,"column":15},"end":{"line":21,"column":51}},"13":{"start":{"line":21,"column":36},"end":{"line":21,"column":50}},"14":{"start":{"line":22,"column":2},"end":{"line":26,"column":3}},"15":{"start":{"line":23,"column":4},"end":{"line":23,"column":26}},"16":{"start":{"line":24,"column":4},"end":{"line":24,"column":32}},"17":{"start":{"line":25,"column":4},"end":{"line":25,"column":16}},"18":{"start":{"line":27,"column":2},"end":{"line":27,"column":15}},"19":{"start":{"line":31,"column":16},"end":{"line":31,"column":57}},"20":{"start":{"line":31,"column":42},"end":{"line":31,"column":56}},"21":{"start":{"line":32,"column":2},"end":{"line":35,"column":3}},"22":{"start":{"line":33,"column":4},"end":{"line":33,"column":27}},"23":{"start":{"line":34,"column":4},"end":{"line":34,"column":16}},"24":{"start":{"line":36,"column":2},"end":{"line":36,"column":15}},"25":{"start":{"line":40,"column":15},"end":{"line":40,"column":51}},"26":{"start":{"line":40,"column":36},"end":{"line":40,"column":50}},"27":{"start":{"line":41,"column":2},"end":{"line":44,"column":3}},"28":{"start":{"line":42,"column":4},"end":{"line":42,"column":26}},"29":{"start":{"line":43,"column":4},"end":{"line":43,"column":16}},"30":{"start":{"line":45,"column":2},"end":{"line":45,"column":15}},"31":{"start":{"line":49,"column":2},"end":{"line":49,"column":60}},"32":{"start":{"line":49,"column":32},"end":{"line":49,"column":58}},"33":{"start":{"line":53,"column":15},"end":{"line":53,"column":51}},"34":{"start":{"line":53,"column":36},"end":{"line":53,"column":50}},"35":{"start":{"line":54,"column":2},"end":{"line":57,"column":3}},"36":{"start":{"line":55,"column":4},"end":{"line":55,"column":29}},"37":{"start":{"line":56,"column":4},"end":{"line":56,"column":16}},"38":{"start":{"line":58,"column":2},"end":{"line":58,"column":15}},"39":{"start":{"line":62,"column":14},"end":{"line":62,"column":50}},"40":{"start":{"line":63,"column":14},"end":{"line":63,"column":74}},"41":{"start":{"line":65,"column":0},"end":{"line":65,"column":33}},"42":{"start":{"line":67,"column":0},"end":{"line":67,"column":66}},"43":{"start":{"line":68,"column":0},"end":{"line":68,"column":30}},"44":{"start":{"line":70,"column":0},"end":{"line":70,"column":37}},"45":{"start":{"line":71,"column":0},"end":{"line":71,"column":52}}},"fnMap":{"0":{"name":"addTask","decl":{"start":{"line":6,"column":9},"end":{"line":6,"column":16}},"loc":{"start":{"line":9,"column":30},"end":{"line":14,"column":1}}},"1":{"name":"updateTask","decl":{"start":{"line":16,"column":9},"end":{"line":16,"column":19}},"loc":{"start":{"line":19,"column":21},"end":{"line":28,"column":1}}},"2":{"name":"(anonymous_2)","decl":{"start":{"line":21,"column":26},"end":{"line":21,"column":27}},"loc":{"start":{"line":21,"column":36},"end":{"line":21,"column":50}}},"3":{"name":"deleteTask","decl":{"start":{"line":30,"column":9},"end":{"line":30,"column":19}},"loc":{"start":{"line":30,"column":30},"end":{"line":37,"column":1}}},"4":{"name":"(anonymous_4)","decl":{"start":{"line":31,"column":32},"end":{"line":31,"column":33}},"loc":{"start":{"line":31,"column":42},"end":{"line":31,"column":56}}},"5":{"name":"markTaskAsCompleted","decl":{"start":{"line":39,"column":9},"end":{"line":39,"column":28}},"loc":{"start":{"line":39,"column":39},"end":{"line":46,"column":1}}},"6":{"name":"(anonymous_6)","decl":{"start":{"line":40,"column":26},"end":{"line":40,"column":27}},"loc":{"start":{"line":40,"column":36},"end":{"line":40,"column":50}}},"7":{"name":"categorizeTasks","decl":{"start":{"line":48,"column":9},"end":{"line":48,"column":24}},"loc":{"start":{"line":48,"column":41},"end":{"line":50,"column":1}}},"8":{"name":"(anonymous_8)","decl":{"start":{"line":49,"column":22},"end":{"line":49,"column":23}},"loc":{"start":{"line":49,"column":32},"end":{"line":49,"column":58}}},"9":{"name":"setDeadline","decl":{"start":{"line":52,"column":9},"end":{"line":52,"column":20}},"loc":{"start":{"line":52,"column":47},"end":{"line":59,"column":1}}},"10":{"name":"(anonymous_10)","decl":{"start":{"line":53,"column":26},"end":{"line":53,"column":27}},"loc":{"start":{"line":53,"column":36},"end":{"line":53,"column":50}}}},"branchMap":{"0":{"loc":{"start":{"line":9,"column":2},"end":{"line":9,"column":30}},"type":"default-arg","locations":[{"start":{"line":9,"column":26},"end":{"line":9,"column":30}}]},"1":{"loc":{"start":{"line":22,"column":2},"end":{"line":26,"column":3}},"type":"if","locations":[{"start":{"line":22,"column":2},"end":{"line":26,"column":3}}]},"2":{"loc":{"start":{"line":32,"column":2},"end":{"line":35,"column":3}},"type":"if","locations":[{"start":{"line":32,"column":2},"end":{"line":35,"column":3}}]},"3":{"loc":{"start":{"line":41,"column":2},"end":{"line":44,"column":3}},"type":"if","locations":[{"start":{"line":41,"column":2},"end":{"line":44,"column":3}}]},"4":{"loc":{"start":{"line":54,"column":2},"end":{"line":57,"column":3}},"type":"if","locations":[{"start":{"line":54,"column":2},"end":{"line":57,"column":3}}]}},"s":{"0":1,"1":1,"2":1,"3":1,"4":1,"5":1,"6":1,"7":1,"8":1,"9":7,"10":7,"11":7,"12":1,"13":1,"14":1,"15":1,"16":1,"17":1,"18":0,"19":0,"20":0,"21":0,"22":0,"23":0,"24":0,"25":1,"26":2,"27":1,"28":1,"29":1,"30":0,"31":2,"32":5,"33":0,"34":0,"35":0,"36":0,"37":0,"38":0,"39":1,"40":1,"41":1,"42":1,"43":1,"44":1,"45":1},"f":{"0":7,"1":1,"2":1,"3":0,"4":0,"5":1,"6":2,"7":2,"8":5,"9":0,"10":0},"b":{"0":[2],"1":[1],"2":[0],"3":[1],"4":[0]}}
,"/Users/aleksbuha/Desktop/Uni/todo-list-app/src/task.ts": {"path":"/Users/aleksbuha/Desktop/Uni/todo-list-app/src/task.ts","statementMap":{"0":{"start":{"line":14,"column":4},"end":{"line":14,"column":17}},"1":{"start":{"line":15,"column":4},"end":{"line":15,"column":23}},"2":{"start":{"line":16,"column":4},"end":{"line":16,"column":27}},"3":{"start":{"line":17,"column":4},"end":{"line":17,"column":29}},"4":{"start":{"line":18,"column":4},"end":{"line":18,"column":29}},"5":{"start":{"line":1,"column":0},"end":{"line":1,"column":13}}},"fnMap":{"0":{"name":"(anonymous_0)","decl":{"start":{"line":8,"column":2},"end":{"line":8,"column":null}},"loc":{"start":{"line":12,"column":32},"end":{"line":19,"column":3}}}},"branchMap":{"0":{"loc":{"start":{"line":12,"column":4},"end":{"line":12,"column":32}},"type":"default-arg","locations":[{"start":{"line":12,"column":28},"end":{"line":12,"column":32}}]}},"s":{"0":14,"1":14,"2":14,"3":14,"4":14,"5":2},"f":{"0":14},"b":{"0":[7]}}
}
