TN:
SF:src/app.ts
FN:6,addTask
FN:16,updateTask
FN:21,(anonymous_2)
FN:30,deleteTask
FN:31,(anonymous_4)
FN:39,markTaskAsCompleted
FN:40,(anonymous_6)
FN:48,categorizeTasks
FN:49,(anonymous_8)
FN:52,setDeadline
FN:53,(anonymous_10)
FNF:11
FNH:7
FNDA:7,addTask
FNDA:1,updateTask
FNDA:1,(anonymous_2)
FNDA:0,deleteTask
FNDA:0,(anonymous_4)
FNDA:1,markTaskAsCompleted
FNDA:2,(anonymous_6)
FNDA:2,categorizeTasks
FNDA:5,(anonymous_8)
FNDA:0,setDeadline
FNDA:0,(anonymous_10)
DA:1,1
DA:3,1
DA:4,1
DA:11,7
DA:12,7
DA:13,7
DA:21,1
DA:22,1
DA:23,1
DA:24,1
DA:25,1
DA:27,0
DA:31,0
DA:32,0
DA:33,0
DA:34,0
DA:36,0
DA:40,2
DA:41,1
DA:42,1
DA:43,1
DA:45,0
DA:49,5
DA:53,0
DA:54,0
DA:55,0
DA:56,0
DA:58,0
DA:62,1
DA:63,1
DA:65,1
DA:67,1
DA:68,1
DA:70,1
DA:71,1
DA:74,1
DA:75,1
DA:76,1
DA:77,1
DA:78,1
DA:79,1
LF:41
LH:29
BRDA:9,0,0,2
BRDA:22,1,0,1
BRDA:32,2,0,0
BRDA:41,3,0,1
BRDA:54,4,0,0
BRF:5
BRH:3
end_of_record
TN:
SF:src/task.ts
FN:8,(anonymous_0)
FNF:1
FNH:1
FNDA:14,(anonymous_0)
DA:1,2
DA:14,14
DA:15,14
DA:16,14
DA:17,14
DA:18,14
LF:6
LH:6
BRDA:12,0,0,7
BRF:1
BRH:1
end_of_record
